<?xml version="1.0" encoding="UTF-8"?>
<!-- Generated by org.testng.reporters.JUnitXMLReporter -->
<testsuite ignored="0" hostname="MSI" failures="0" tests="6" name="ProductInfo Page Test" time="13.496" errors="0" timestamp="2024-05-17T23:16:37 IST">
  <testcase classname="com.qa.opencart.test.ProductInfoPageTest" name="productHeaderTest" time="1.486"/>
  <testcase classname="com.qa.opencart.test.ProductInfoPageTest" name="productHeaderTest" time="1.424"/>
  <testcase classname="com.qa.opencart.test.ProductInfoPageTest" name="productHeaderTest" time="1.855"/>
  <testcase classname="com.qa.opencart.test.ProductInfoPageTest" name="productHeaderTest" time="1.548"/>
  <testcase classname="com.qa.opencart.test.ProductInfoPageTest" name="productHeaderTest" time="1.562"/>
  <testcase classname="com.qa.opencart.test.ProductInfoPageTest" name="productMetaDataTest" time="1.523"/>
</testsuite> <!-- ProductInfo Page Test -->
